<?xml version="1.0" encoding="UTF-8"?>
<!-- Generated by org.testng.reporters.JUnitReportReporter -->
<testsuite hostname="EliteBook-HP" failures="0" tests="1" name="com.testscript.demoblaze.AddToCart" time="26.291" errors="0" timestamp="2022-12-08T13:30:23 IST" skipped="0">
  <testcase classname="com.testscript.demoblaze.AddToCart" name="addToCartTest" time="26.291"/>
  <system-out>
    <![CDATA[Product to be added]]>
  </system-out>
</testsuite> <!-- com.testscript.demoblaze.AddToCart -->
